<?xml version="1.0" encoding="utf-8" standalone="no"?>
<!--This file represents the results of running a test suite-->
<test-results name="C:\Users\ASUS\Documents\Materi\Semester 3\02 tugas\TugasLibraryUnitTest\bin\Debug\TugasLibraryUnitTest.dll" total="2" errors="0" failures="0" not-run="0" inconclusive="0" ignored="0" skipped="0" invalid="0" date="2021-10-27" time="19:12:24">
  <environment nunit-version="2.6.4.14350" clr-version="2.0.50727.9151" os-version="Microsoft Windows NT 6.2.9200.0" platform="Win32NT" cwd="C:\Users\ASUS\Downloads\tools-testing" machine-name="LAPTOP-IPISTLDV" user="ASUS" user-domain="LAPTOP-IPISTLDV" />
  <culture-info current-culture="en-US" current-uiculture="en-US" />
  <test-suite type="Assembly" name="C:\Users\ASUS\Documents\Materi\Semester 3\02 tugas\TugasLibraryUnitTest\bin\Debug\TugasLibraryUnitTest.dll" executed="True" result="Success" success="True" time="0.112" asserts="0">
    <results>
      <test-suite type="Namespace" name="TugasLibraryUnitTest" executed="True" result="Success" success="True" time="0.097" asserts="0">
        <results>
          <test-suite type="TestFixture" name="Library" executed="True" result="Success" success="True" time="0.070" asserts="0">
            <results>
              <test-case name="TugasLibraryUnitTest.Library.DayTest" executed="True" result="Success" success="True" time="0.023" asserts="0" />
              <test-case name="TugasLibraryUnitTest.Library.UserTest" executed="True" result="Success" success="True" time="0.002" asserts="0" />
            </results>
          </test-suite>
        </results>
      </test-suite>
    </results>
  </test-suite>
</test-results>